        -:    0:Source:dominion.c
        -:    0:Graph:dominion.gcno
        -:    0:Data:dominion.gcda
        -:    0:Runs:17
        -:    0:Programs:8
        -:    1:#include "dominion.h"
        -:    2:#include "dominion_helpers.h"
        -:    3:#include "rngs.h"
        -:    4:#include <stdio.h>
        -:    5:#include <math.h>
        -:    6:#include <stdlib.h>
        -:    7:
      360:    8:int compare(const void* a, const void* b) {
      360:    9:  if (*(int*)a > *(int*)b)
    #####:   10:    return 1;
      360:   11:  if (*(int*)a < *(int*)b)
       96:   12:    return -1;
      264:   13:  return 0;
        -:   14:}
        -:   15:
    #####:   16:struct gameState* newGame() {
    #####:   17:  struct gameState* g = malloc(sizeof(struct gameState));
    #####:   18:  return g;
        -:   19:}
        -:   20:
        2:   21:int* kingdomCards(int k1, int k2, int k3, int k4, int k5, int k6, int k7,
        -:   22:		  int k8, int k9, int k10) {
        2:   23:  int* k = malloc(10 * sizeof(int));
        2:   24:  k[0] = k1;
        2:   25:  k[1] = k2;
        2:   26:  k[2] = k3;
        2:   27:  k[3] = k4;
        2:   28:  k[4] = k5;
        2:   29:  k[5] = k6;
        2:   30:  k[6] = k7;
        2:   31:  k[7] = k8;
        2:   32:  k[8] = k9;
        2:   33:  k[9] = k10;
        2:   34:  return k;
        -:   35:}
        -:   36:
        8:   37:int initializeGame(int numPlayers, int kingdomCards[10], int randomSeed,
        -:   38:		   struct gameState *state) {
        -:   39:
        -:   40:  int i;
        -:   41:  int j;
        -:   42:  int it;			
        -:   43:  //set up random number generator
        8:   44:  SelectStream(1);
        8:   45:  PutSeed((long)randomSeed);
        -:   46:  
        -:   47:  //check number of players
        8:   48:  if (numPlayers > MAX_PLAYERS || numPlayers < 2)
        -:   49:    {
    #####:   50:      return -1;
        -:   51:    }
        -:   52:
        -:   53:  //set number of players
        8:   54:  state->numPlayers = numPlayers;
        -:   55:
        -:   56:  //check selected kingdom cards are different
       88:   57:  for (i = 0; i < 10; i++)
        -:   58:    {
      880:   59:      for (j = 0; j < 10; j++)
        -:   60:        {
      800:   61:	  if (j != i && kingdomCards[j] == kingdomCards[i])
        -:   62:	    {
    #####:   63:	      return -1;
        -:   64:	    }
        -:   65:        }
        -:   66:    }
        -:   67:
        -:   68:
        -:   69:  //initialize supply
        -:   70:  ///////////////////////////////
        -:   71:
        -:   72:  //set number of Curse cards
        8:   73:  if (numPlayers == 2)
        -:   74:    {
    #####:   75:      state->supplyCount[curse] = 10;
        -:   76:    }
        8:   77:  else if (numPlayers == 3)
        -:   78:    {
        8:   79:      state->supplyCount[curse] = 20;
        -:   80:    }
        -:   81:  else
        -:   82:    {
    #####:   83:      state->supplyCount[curse] = 30;
        -:   84:    }
        -:   85:
        -:   86:  //set number of Victory cards
        8:   87:  if (numPlayers == 2)
        -:   88:    {
    #####:   89:      state->supplyCount[estate] = 8;
    #####:   90:      state->supplyCount[duchy] = 8;
    #####:   91:      state->supplyCount[province] = 8;
        -:   92:    }
        -:   93:  else
        -:   94:    {
        8:   95:      state->supplyCount[estate] = 12;
        8:   96:      state->supplyCount[duchy] = 12;
        8:   97:      state->supplyCount[province] = 12;
        -:   98:    }
        -:   99:
        -:  100:  //set number of Treasure cards
        8:  101:  state->supplyCount[copper] = 60 - (7 * numPlayers);
        8:  102:  state->supplyCount[silver] = 40;
        8:  103:  state->supplyCount[gold] = 30;
        -:  104:
        -:  105:  //set number of Kingdom cards
      168:  106:  for (i = adventurer; i <= treasure_map; i++)       	//loop all cards
        -:  107:    {
     1320:  108:      for (j = 0; j < 10; j++)           		//loop chosen cards
        -:  109:	{
     1240:  110:	  if (kingdomCards[j] == i)
        -:  111:	    {
        -:  112:	      //check if card is a 'Victory' Kingdom card
       80:  113:	      if (kingdomCards[j] == great_hall || kingdomCards[j] == gardens)
        -:  114:		{
       32:  115:		  if (numPlayers == 2){ 
    #####:  116:		    state->supplyCount[i] = 8; 
        -:  117:		  }
       16:  118:		  else{ state->supplyCount[i] = 12; }
        -:  119:		}
        -:  120:	      else
        -:  121:		{
       64:  122:		  state->supplyCount[i] = 10;
        -:  123:		}
       80:  124:	      break;
        -:  125:	    }
        -:  126:	  else    //card is not in the set choosen for the game
        -:  127:	    {
     1160:  128:	      state->supplyCount[i] = -1;
        -:  129:	    }
        -:  130:	}
        -:  131:
        -:  132:    }
        -:  133:
        -:  134:  ////////////////////////
        -:  135:  //supply intilization complete
        -:  136:
        -:  137:  //set player decks
       32:  138:  for (i = 0; i < numPlayers; i++)
        -:  139:    {
       24:  140:      state->deckCount[i] = 0;
       96:  141:      for (j = 0; j < 3; j++)
        -:  142:	{
       72:  143:	  state->deck[i][j] = estate;
       72:  144:	  state->deckCount[i]++;
        -:  145:	}
      192:  146:      for (j = 3; j < 10; j++)
        -:  147:	{
      168:  148:	  state->deck[i][j] = copper;
      168:  149:	  state->deckCount[i]++;		
        -:  150:	}
        -:  151:    }
        -:  152:
        -:  153:  //shuffle player decks
       32:  154:  for (i = 0; i < numPlayers; i++)
        -:  155:    {
       24:  156:      if ( shuffle(i, state) < 0 )
        -:  157:	{
    #####:  158:	  return -1;
        -:  159:	}
        -:  160:    }
        -:  161:
        -:  162:  //draw player hands
       32:  163:  for (i = 0; i < numPlayers; i++)
        -:  164:    {  
        -:  165:      //initialize hand size to zero
       24:  166:      state->handCount[i] = 0;
       24:  167:      state->discardCount[i] = 0;
        -:  168:      //draw 5 cards
        -:  169:      // for (j = 0; j < 5; j++)
        -:  170:      //	{
        -:  171:      //	  drawCard(i, state);
        -:  172:      //	}
        -:  173:    }
        -:  174:  
        -:  175:  //set embargo tokens to 0 for all supply piles
      224:  176:  for (i = 0; i <= treasure_map; i++)
        -:  177:    {
      216:  178:      state->embargoTokens[i] = 0;
        -:  179:    }
        -:  180:
        -:  181:  //initialize first player's turn
        8:  182:  state->outpostPlayed = 0;
        8:  183:  state->phase = 0;
        8:  184:  state->numActions = 1;
        8:  185:  state->numBuys = 1;
        8:  186:  state->playedCardCount = 0;
        8:  187:  state->whoseTurn = 0;
        8:  188:  state->handCount[state->whoseTurn] = 0;
        -:  189:  //int it; move to top
        -:  190:
        -:  191:  //Moved draw cards to here, only drawing at the start of a turn
       48:  192:  for (it = 0; it < 5; it++){
       40:  193:    drawCard(state->whoseTurn, state);
        -:  194:  }
        -:  195:
        8:  196:  updateCoins(state->whoseTurn, state, 0);
        -:  197:
        8:  198:  return 0;
        -:  199:}
        -:  200:
       24:  201:int shuffle(int player, struct gameState *state) {
        -:  202: 
        -:  203:
        -:  204:  int newDeck[MAX_DECK];
       24:  205:  int newDeckPos = 0;
        -:  206:  int card;
        -:  207:  int i;
        -:  208:
       24:  209:  if (state->deckCount[player] < 1)
    #####:  210:    return -1;
       24:  211:  qsort ((void*)(state->deck[player]), state->deckCount[player], sizeof(int), compare); 
        -:  212:  /* SORT CARDS IN DECK TO ENSURE DETERMINISM! */
        -:  213:
      288:  214:  while (state->deckCount[player] > 0) {
      240:  215:    card = floor(Random() * state->deckCount[player]);
      240:  216:    newDeck[newDeckPos] = state->deck[player][card];
      240:  217:    newDeckPos++;
      704:  218:    for (i = card; i < state->deckCount[player]-1; i++) {
      464:  219:      state->deck[player][i] = state->deck[player][i+1];
        -:  220:    }
      240:  221:    state->deckCount[player]--;
        -:  222:  }
      264:  223:  for (i = 0; i < newDeckPos; i++) {
      240:  224:    state->deck[player][i] = newDeck[i];
      240:  225:    state->deckCount[player]++;
        -:  226:  }
        -:  227:
       24:  228:  return 0;
        -:  229:}
        -:  230:
        8:  231:int playCard(int handPos, int choice1, int choice2, int choice3, struct gameState *state) 
        -:  232:{	
        -:  233:  int card;
        8:  234:  int coin_bonus = 0; 		//tracks coins gain from actions
        -:  235:
        -:  236:  //check if it is the right phase
        8:  237:  if (state->phase != 0)
        -:  238:    {
    #####:  239:      return -1;
        -:  240:    }
        -:  241:	
        -:  242:  //check if player has enough actions
        8:  243:  if ( state->numActions < 1 )
        -:  244:    {
    #####:  245:      return -1;
        -:  246:    }
        -:  247:	
        -:  248:  //get card played
        8:  249:  card = handCard(handPos, state);
        -:  250:	
        -:  251:  //check if selected card is an action
        8:  252:  if ( card < adventurer || card > treasure_map )
        -:  253:    {
    #####:  254:      return -1;
        -:  255:    }
        -:  256:	
        -:  257:  //play card
        8:  258:  if ( cardEffect(card, choice1, choice2, choice3, state, handPos, &coin_bonus) < 0 )
        -:  259:    {
    #####:  260:      return -1;
        -:  261:    }
        -:  262:	
        -:  263:  //reduce number of actions
        8:  264:  state->numActions--;
        -:  265:
        -:  266:  //update coins (Treasure cards may be added with card draws)
        8:  267:  updateCoins(state->whoseTurn, state, coin_bonus);
        -:  268:	
        8:  269:  return 0;
        -:  270:}
        -:  271:
        6:  272:int buyCard(int supplyPos, struct gameState *state) {
        -:  273:  int who;
        -:  274:  if (DEBUG){
        -:  275:    printf("Entering buyCard...\n");
        -:  276:  }
        -:  277:
        -:  278:  // I don't know what to do about the phase thing.
        -:  279:
        6:  280:  who = state->whoseTurn;
        -:  281:
        6:  282:  if (state->numBuys < 1){
        -:  283:    if (DEBUG)
        -:  284:      printf("You do not have any buys left\n");
        2:  285:    return -1;
        4:  286:  } else if (supplyCount(supplyPos, state) <1){
        -:  287:    if (DEBUG)
        -:  288:      printf("There are not any of that type of card left\n");
    #####:  289:    return -1;
        4:  290:  } else if (state->coins < getCost(supplyPos)){
        -:  291:    if (DEBUG) 
        -:  292:      printf("You do not have enough money to buy that. You have %d coins.\n", state->coins);
        2:  293:    return -1;
        -:  294:  } else {
        2:  295:    state->phase=1;
        -:  296:    //state->supplyCount[supplyPos]--;
        2:  297:    gainCard(supplyPos, state, 0, who); //card goes in discard, this might be wrong.. (2 means goes into hand, 0 goes into discard)
        -:  298:  
        2:  299:    state->coins = (state->coins) - (getCost(supplyPos));
        2:  300:    state->numBuys--;
        -:  301:    if (DEBUG)
        -:  302:      printf("You bought card number %d for %d coins. You now have %d buys and %d coins.\n", supplyPos, getCost(supplyPos), state->numBuys, state->coins);
        -:  303:  }
        -:  304:
        -:  305:  //state->discard[who][state->discardCount[who]] = supplyPos;
        -:  306:  //state->discardCount[who]++;
        -:  307:    
        2:  308:  return 0;
        -:  309:}
        -:  310:
       16:  311:int numHandCards(struct gameState *state) {
       16:  312:  return state->handCount[ whoseTurn(state) ];
        -:  313:}
        -:  314:
       10:  315:int handCard(int handPos, struct gameState *state) {
       10:  316:  int currentPlayer = whoseTurn(state);
       10:  317:  return state->hand[currentPlayer][handPos];
        -:  318:}
        -:  319:
        8:  320:int supplyCount(int card, struct gameState *state) {
        8:  321:  return state->supplyCount[card];
        -:  322:}
        -:  323:
    #####:  324:int fullDeckCount(int player, int card, struct gameState *state) {
        -:  325:  int i;
    #####:  326:  int count = 0;
        -:  327:
    #####:  328:  for (i = 0; i < state->deckCount[player]; i++)
        -:  329:    {
    #####:  330:      if (state->deck[player][i] == card) count++;
        -:  331:    }
        -:  332:
    #####:  333:  for (i = 0; i < state->handCount[player]; i++)
        -:  334:    {
    #####:  335:      if (state->hand[player][i] == card) count++;
        -:  336:    }
        -:  337:
    #####:  338:  for (i = 0; i < state->discardCount[player]; i++)
        -:  339:    {
    #####:  340:      if (state->discard[player][i] == card) count++;
        -:  341:    }
        -:  342:
    #####:  343:  return count;
        -:  344:}
        -:  345:
       61:  346:int whoseTurn(struct gameState *state) {
       61:  347:  return state->whoseTurn;
        -:  348:}
        -:  349:
    #####:  350:int endTurn(struct gameState *state) {
        -:  351:  int k;
        -:  352:  int i;
    #####:  353:  int currentPlayer = whoseTurn(state);
        -:  354:  
        -:  355:  //Discard hand
    #####:  356:  for (i = 0; i < state->handCount[currentPlayer]; i++){
    #####:  357:    state->discard[currentPlayer][state->discardCount[currentPlayer]++] = state->hand[currentPlayer][i];//Discard
    #####:  358:    state->hand[currentPlayer][i] = -1;//Set card to -1
        -:  359:  }
    #####:  360:  state->handCount[currentPlayer] = 0;//Reset hand count
        -:  361:    
        -:  362:  //Code for determining the player
    #####:  363:  if (currentPlayer < (state->numPlayers - 1)){ 
    #####:  364:    state->whoseTurn = currentPlayer + 1;//Still safe to increment
        -:  365:  }
        -:  366:  else{
    #####:  367:    state->whoseTurn = 0;//Max player has been reached, loop back around to player 1
        -:  368:  }
        -:  369:
    #####:  370:  state->outpostPlayed = 0;
    #####:  371:  state->phase = 0;
    #####:  372:  state->numActions = 1;
    #####:  373:  state->coins = 0;
    #####:  374:  state->numBuys = 1;
    #####:  375:  state->playedCardCount = 0;
    #####:  376:  state->handCount[state->whoseTurn] = 0;
        -:  377:
        -:  378:  //int k; move to top
        -:  379:  //Next player draws hand
    #####:  380:  for (k = 0; k < 5; k++){
    #####:  381:    drawCard(state->whoseTurn, state);//Draw a card
        -:  382:  }
        -:  383:
        -:  384:  //Update money
    #####:  385:  updateCoins(state->whoseTurn, state , 0);
        -:  386:
    #####:  387:  return 0;
        -:  388:}
        -:  389:
    #####:  390:int isGameOver(struct gameState *state) {
        -:  391:  int i;
        -:  392:  int j;
        -:  393:	
        -:  394:  //if stack of Province cards is empty, the game ends
    #####:  395:  if (state->supplyCount[province] == 0)
        -:  396:    {
    #####:  397:      return 1;
        -:  398:    }
        -:  399:
        -:  400:  //if three supply pile are at 0, the game ends
    #####:  401:  j = 0;
    #####:  402:  for (i = 0; i < 25; i++)
        -:  403:    {
    #####:  404:      if (state->supplyCount[i] == 0)
        -:  405:	{
    #####:  406:	  j++;
        -:  407:	}
        -:  408:    }
    #####:  409:  if ( j >= 3)
        -:  410:    {
    #####:  411:      return 1;
        -:  412:    }
        -:  413:
    #####:  414:  return 0;
        -:  415:}
        -:  416:
    #####:  417:int scoreFor (int player, struct gameState *state) {
        -:  418:
        -:  419:  int i;
    #####:  420:  int score = 0;
        -:  421:  //score from hand
    #####:  422:  for (i = 0; i < state->handCount[player]; i++)
        -:  423:    {
    #####:  424:      if (state->hand[player][i] == curse) { score = score - 1; };
    #####:  425:      if (state->hand[player][i] == estate) { score = score + 1; };
    #####:  426:      if (state->hand[player][i] == duchy) { score = score + 3; };
    #####:  427:      if (state->hand[player][i] == province) { score = score + 6; };
    #####:  428:      if (state->hand[player][i] == great_hall) { score = score + 1; };
    #####:  429:      if (state->hand[player][i] == gardens) { score = score + ( fullDeckCount(player, 0, state) / 10 ); };
        -:  430:    }
        -:  431:
        -:  432:  //score from discard
    #####:  433:  for (i = 0; i < state->discardCount[player]; i++)
        -:  434:    {
    #####:  435:      if (state->discard[player][i] == curse) { score = score - 1; };
    #####:  436:      if (state->discard[player][i] == estate) { score = score + 1; };
    #####:  437:      if (state->discard[player][i] == duchy) { score = score + 3; };
    #####:  438:      if (state->discard[player][i] == province) { score = score + 6; };
    #####:  439:      if (state->discard[player][i] == great_hall) { score = score + 1; };
    #####:  440:      if (state->discard[player][i] == gardens) { score = score + ( fullDeckCount(player, 0, state) / 10 ); };
        -:  441:    }
        -:  442:
        -:  443:  //score from deck
    #####:  444:  for (i = 0; i < state->discardCount[player]; i++)
        -:  445:    {
    #####:  446:      if (state->deck[player][i] == curse) { score = score - 1; };
    #####:  447:      if (state->deck[player][i] == estate) { score = score + 1; };
    #####:  448:      if (state->deck[player][i] == duchy) { score = score + 3; };
    #####:  449:      if (state->deck[player][i] == province) { score = score + 6; };
    #####:  450:      if (state->deck[player][i] == great_hall) { score = score + 1; };
    #####:  451:      if (state->deck[player][i] == gardens) { score = score + ( fullDeckCount(player, 0, state) / 10 ); };
        -:  452:    }
        -:  453:
    #####:  454:  return score;
        -:  455:}
        -:  456:
    #####:  457:int getWinners(int players[MAX_PLAYERS], struct gameState *state) {
        -:  458:  int i;	
        -:  459:  int j;
        -:  460:  int highScore;
        -:  461:  int currentPlayer;
        -:  462:
        -:  463:  //get score for each player
    #####:  464:  for (i = 0; i < MAX_PLAYERS; i++)
        -:  465:    {
        -:  466:      //set unused player scores to -9999
    #####:  467:      if (i >= state->numPlayers)
        -:  468:	{
    #####:  469:	  players[i] = -9999;
        -:  470:	}
        -:  471:      else
        -:  472:	{
    #####:  473:	  players[i] = scoreFor (i, state);
        -:  474:	}
        -:  475:    }
        -:  476:
        -:  477:  //find highest score
    #####:  478:  j = 0;
    #####:  479:  for (i = 0; i < MAX_PLAYERS; i++)
        -:  480:    {
    #####:  481:      if (players[i] > players[j])
        -:  482:	{
    #####:  483:	  j = i;
        -:  484:	}
        -:  485:    }
    #####:  486:  highScore = players[j];
        -:  487:
        -:  488:  //add 1 to players who had less turns
    #####:  489:  currentPlayer = whoseTurn(state);
    #####:  490:  for (i = 0; i < MAX_PLAYERS; i++)
        -:  491:    {
    #####:  492:      if ( players[i] == highScore && i > currentPlayer )
        -:  493:	{
    #####:  494:	  players[i]++;
        -:  495:	}
        -:  496:    }
        -:  497:
        -:  498:  //find new highest score
    #####:  499:  j = 0;
    #####:  500:  for (i = 0; i < MAX_PLAYERS; i++)
        -:  501:    {
    #####:  502:      if ( players[i] > players[j] )
        -:  503:	{
    #####:  504:	  j = i;
        -:  505:	}
        -:  506:    }
    #####:  507:  highScore = players[j];
        -:  508:
        -:  509:  //set winners in array to 1 and rest to 0
    #####:  510:  for (i = 0; i < MAX_PLAYERS; i++)
        -:  511:    {
    #####:  512:      if ( players[i] == highScore )
        -:  513:	{
    #####:  514:	  players[i] = 1;
        -:  515:	}
        -:  516:      else
        -:  517:	{
    #####:  518:	  players[i] = 0;
        -:  519:	}
        -:  520:    }
        -:  521:
    #####:  522:  return 0;
        -:  523:}
        -:  524:
       48:  525:int drawCard(int player, struct gameState *state)
        -:  526:{	int count;
        -:  527:  int deckCounter;
       48:  528:  if (state->deckCount[player] <= 0){//Deck is empty
        -:  529:    
        -:  530:    //Step 1 Shuffle the discard pile back into a deck
        -:  531:    int i;
        -:  532:    //Move discard to deck
    #####:  533:    for (i = 0; i < state->discardCount[player];i++){
    #####:  534:      state->deck[player][i] = state->discard[player][i];
    #####:  535:      state->discard[player][i] = -1;
        -:  536:    }
        -:  537:
    #####:  538:    state->deckCount[player] = state->discardCount[player];
    #####:  539:    state->discardCount[player] = 0;//Reset discard
        -:  540:
        -:  541:    //Shufffle the deck
    #####:  542:    shuffle(player, state);//Shuffle the deck up and make it so that we can draw
        -:  543:   
        -:  544:    if (DEBUG){//Debug statements
        -:  545:      printf("Deck count now: %d\n", state->deckCount[player]);
        -:  546:    }
        -:  547:    
    #####:  548:    state->discardCount[player] = 0;
        -:  549:
        -:  550:    //Step 2 Draw Card
    #####:  551:    count = state->handCount[player];//Get current player's hand count
        -:  552:    
        -:  553:    if (DEBUG){//Debug statements
        -:  554:      printf("Current hand count: %d\n", count);
        -:  555:    }
        -:  556:    
    #####:  557:    deckCounter = state->deckCount[player];//Create a holder for the deck count
        -:  558:
    #####:  559:    if (deckCounter == 0)
    #####:  560:      return -1;
        -:  561:
    #####:  562:    state->hand[player][count] = state->deck[player][deckCounter - 1];//Add card to hand
    #####:  563:    state->deckCount[player]--;
    #####:  564:    state->handCount[player]++;//Increment hand count
        -:  565:  }
        -:  566:
        -:  567:  else{
       48:  568:    int count = state->handCount[player];//Get current hand count for player
        -:  569:    int deckCounter;
        -:  570:    if (DEBUG){//Debug statements
        -:  571:      printf("Current hand count: %d\n", count);
        -:  572:    }
        -:  573:
       48:  574:    deckCounter = state->deckCount[player];//Create holder for the deck count
       48:  575:    state->hand[player][count] = state->deck[player][deckCounter - 1];//Add card to the hand
       48:  576:    state->deckCount[player]--;
       48:  577:    state->handCount[player]++;//Increment hand count
        -:  578:  }
        -:  579:
       48:  580:  return 0;
        -:  581:}
        -:  582:
        8:  583:int getCost(int cardNumber)
        -:  584:{
        8:  585:  switch( cardNumber ) 
        -:  586:    {
        -:  587:    case curse:
    #####:  588:      return 0;
        -:  589:    case estate:
    #####:  590:      return 2;
        -:  591:    case duchy:
    #####:  592:      return 5;
        -:  593:    case province:
    #####:  594:      return 8;
        -:  595:    case copper:
    #####:  596:      return 0;
        -:  597:    case silver:
        6:  598:      return 3;
        -:  599:    case gold:
    #####:  600:      return 6;
        -:  601:    case adventurer:
    #####:  602:      return 6;
        -:  603:    case council_room:
    #####:  604:      return 5;
        -:  605:    case feast:
    #####:  606:      return 4;
        -:  607:    case gardens:
    #####:  608:      return 4;
        -:  609:    case mine:
    #####:  610:      return 5;
        -:  611:    case remodel:
    #####:  612:      return 4;
        -:  613:    case smithy:
        2:  614:      return 4;
        -:  615:    case village:
    #####:  616:      return 3;
        -:  617:    case baron:
    #####:  618:      return 4;
        -:  619:    case great_hall:
    #####:  620:      return 3;
        -:  621:    case minion:
    #####:  622:      return 5;
        -:  623:    case steward:
    #####:  624:      return 3;
        -:  625:    case tribute:
    #####:  626:      return 5;
        -:  627:    case ambassador:
    #####:  628:      return 3;
        -:  629:    case cutpurse:
    #####:  630:      return 4;
        -:  631:    case embargo: 
    #####:  632:      return 2;
        -:  633:    case outpost:
    #####:  634:      return 5;
        -:  635:    case salvager:
    #####:  636:      return 4;
        -:  637:    case sea_hag:
    #####:  638:      return 4;
        -:  639:    case treasure_map:
    #####:  640:      return 4;
        -:  641:    }
        -:  642:	
    #####:  643:  return -1;
        -:  644:}
        -:  645:
        8:  646:int cardEffect(int card, int choice1, int choice2, int choice3, struct gameState *state, int handPos, int *bonus)
        -:  647:{
        -:  648:  int i;
        -:  649:  int j;
        -:  650:  int k;
        -:  651:  int x;
        -:  652:  int index;
        8:  653:  int currentPlayer = whoseTurn(state);
        8:  654:  int nextPlayer = currentPlayer + 1;
        -:  655:
        8:  656:  int tributeRevealedCards[2] = {-1, -1};
        -:  657:  int temphand[MAX_HAND];// moved above the if statement
        8:  658:  int drawntreasure=0;
        -:  659:  int cardDrawn;
        8:  660:  int z = 0;// this is the counter for the temp hand
        8:  661:  if (nextPlayer > (state->numPlayers - 1)){
    #####:  662:    nextPlayer = 0;
        -:  663:  }
        -:  664:  
        -:  665:	
        -:  666:  //uses switch to select card and perform actions
        8:  667:  switch( card ) 
        -:  668:    {
        -:  669:    case adventurer:
    #####:  670:      while(drawntreasure<2){
    #####:  671:	if (state->deckCount[currentPlayer] <1){//if the deck is empty we need to shuffle discard and add to deck
    #####:  672:	  shuffle(currentPlayer, state);
        -:  673:	}
    #####:  674:	drawCard(currentPlayer, state);
    #####:  675:	cardDrawn = state->hand[currentPlayer][state->handCount[currentPlayer]-1];//top card of hand is most recently drawn card.
    #####:  676:	if (cardDrawn == copper || cardDrawn == silver || cardDrawn == gold)
    #####:  677:	  drawntreasure++;
        -:  678:	else{
    #####:  679:	  temphand[z]=cardDrawn;
    #####:  680:	  state->handCount[currentPlayer]--; //this should just remove the top card (the most recently drawn one).
    #####:  681:	  z++;
        -:  682:	}
        -:  683:      }
    #####:  684:      while(z-1>=0){
    #####:  685:	state->discard[currentPlayer][state->discardCount[currentPlayer]++]=temphand[z-1]; // discard all cards in play that have been drawn
    #####:  686:	z=z-1;
        -:  687:      }
    #####:  688:      return 0;
        -:  689:			
        -:  690:    case council_room:
    #####:  691:    return council_roomCard(state, currentPlayer, handPos);
        -:  692:
        -:  693:
        -:  694:    case feast:
        -:  695:      //gain card with cost up to 5
        -:  696:      //Backup hand
    #####:  697:      for (i = 0; i <= state->handCount[currentPlayer]; i++){
    #####:  698:	temphand[i] = state->hand[currentPlayer][i];//Backup card
    #####:  699:	state->hand[currentPlayer][i] = -1;//Set to nothing
        -:  700:      }
        -:  701:      //Backup hand
        -:  702:
        -:  703:      //Update Coins for Buy
    #####:  704:      updateCoins(currentPlayer, state, 5);
    #####:  705:      x = 1;//Condition to loop on
    #####:  706:      while( x == 1) {//Buy one card
    #####:  707:	if (supplyCount(choice1, state) <= 0){
        -:  708:	  if (DEBUG)
        -:  709:	    printf("None of that card left, sorry!\n");
        -:  710:
        -:  711:	  if (DEBUG){
        -:  712:	    printf("Cards Left: %d\n", supplyCount(choice1, state));
        -:  713:	  }
        -:  714:	}
    #####:  715:	else if (state->coins < getCost(choice1)){
    #####:  716:	  printf("That card is too expensive!\n");
        -:  717:
        -:  718:	  if (DEBUG){
        -:  719:	    printf("Coins: %d < %d\n", state->coins, getCost(choice1));
        -:  720:	  }
        -:  721:	}
        -:  722:	else{
        -:  723:
        -:  724:	  if (DEBUG){
        -:  725:	    printf("Deck Count: %d\n", state->handCount[currentPlayer] + state->deckCount[currentPlayer] + state->discardCount[currentPlayer]);
        -:  726:	  }
        -:  727:
    #####:  728:	  gainCard(choice1, state, 0, currentPlayer);//Gain the card
    #####:  729:	  x = 0;//No more buying cards
        -:  730:
        -:  731:	  if (DEBUG){
        -:  732:	    printf("Deck Count: %d\n", state->handCount[currentPlayer] + state->deckCount[currentPlayer] + state->discardCount[currentPlayer]);
        -:  733:	  }
        -:  734:
        -:  735:	}
        -:  736:      }     
        -:  737:
        -:  738:      //Reset Hand
    #####:  739:      for (i = 0; i <= state->handCount[currentPlayer]; i++){
    #####:  740:	state->hand[currentPlayer][i] = temphand[i];
    #####:  741:	temphand[i] = -1;
        -:  742:      }
        -:  743:      //Reset Hand
        -:  744:      			
    #####:  745:      return 0;
        -:  746:			
        -:  747:    case gardens:
    #####:  748:      return GardensCard();
        -:  749:			
        -:  750:    case mine:
    #####:  751:      j = state->hand[currentPlayer][choice1];  //store card we will trash
        -:  752:
    #####:  753:      if (state->hand[currentPlayer][choice1] < copper || state->hand[currentPlayer][choice1] > gold)
        -:  754:	{
    #####:  755:	  return -1;
        -:  756:	}
        -:  757:		
    #####:  758:      if (choice2 > treasure_map || choice2 < curse)
        -:  759:	{
    #####:  760:	  return -1;
        -:  761:	}
        -:  762:
    #####:  763:      if ( (getCost(state->hand[currentPlayer][choice1]) + 3) > getCost(choice2) )
        -:  764:	{
    #####:  765:	  return -1;
        -:  766:	}
        -:  767:
    #####:  768:      gainCard(choice2, state, 2, currentPlayer);
        -:  769:
        -:  770:      //discard card from hand
    #####:  771:      discardCard(handPos, currentPlayer, state, 0);
        -:  772:
        -:  773:      //discard trashed card
    #####:  774:      for (i = 0; i < state->handCount[currentPlayer]; i++)
        -:  775:	{
    #####:  776:	  if (state->hand[currentPlayer][i] == j)
        -:  777:	    {
    #####:  778:	      discardCard(i, currentPlayer, state, 0);			
    #####:  779:	      break;
        -:  780:	    }
        -:  781:	}
        -:  782:			
    #####:  783:      return 0;
        -:  784:			
        -:  785:    case remodel:
    #####:  786:      j = state->hand[currentPlayer][choice1];  //store card we will trash
        -:  787:
    #####:  788:      if ( (getCost(state->hand[currentPlayer][choice1]) + 2) > getCost(choice2) )
        -:  789:	{
    #####:  790:	  return -1;
        -:  791:	}
        -:  792:
    #####:  793:      gainCard(choice2, state, 0, currentPlayer);
        -:  794:
        -:  795:      //discard card from hand
    #####:  796:      discardCard(handPos, currentPlayer, state, 0);
        -:  797:
        -:  798:      //discard trashed card
    #####:  799:      for (i = 0; i < state->handCount[currentPlayer]; i++)
        -:  800:	{
    #####:  801:	  if (state->hand[currentPlayer][i] == j)
        -:  802:	    {
    #####:  803:	      discardCard(i, currentPlayer, state, 0);			
    #####:  804:	      break;
        -:  805:	    }
        -:  806:	}
        -:  807:
        -:  808:
    #####:  809:      return 0;
        -:  810:		
        -:  811:    case smithy:
        2:  812:	return SmithyCard(state, currentPlayer, handPos);
        -:  813:		
        -:  814:    case village:
        2:  815:	return VillageCard(state, currentPlayer, handPos);
        -:  816:		
        -:  817:    case baron:
    #####:  818:      state->numBuys++;//Increase buys by 1!
    #####:  819:      if (choice1 > 0){//Boolean true or going to discard an estate
    #####:  820:	int p = 0;//Iterator for hand!
    #####:  821:	int card_not_discarded = 1;//Flag for discard set!
    #####:  822:	while(card_not_discarded){
    #####:  823:	  if (state->hand[currentPlayer][p] == estate){//Found an estate card!
    #####:  824:	    state->coins += 4;//Add 4 coins to the amount of coins
    #####:  825:	    state->discard[currentPlayer][state->discardCount[currentPlayer]] = state->hand[currentPlayer][p];
    #####:  826:	    state->discardCount[currentPlayer]++;
    #####:  827:	    for (;p < state->handCount[currentPlayer]; p++){
    #####:  828:	      state->hand[currentPlayer][p] = state->hand[currentPlayer][p+1];
        -:  829:	    }
    #####:  830:	    state->hand[currentPlayer][state->handCount[currentPlayer]] = -1;
    #####:  831:	    state->handCount[currentPlayer]--;
    #####:  832:	    card_not_discarded = 0;//Exit the loop
        -:  833:	  }
    #####:  834:	  else if (p > state->handCount[currentPlayer]){
        -:  835:	    if(DEBUG) {
        -:  836:	      printf("No estate cards in your hand, invalid choice\n");
        -:  837:	      printf("Must gain an estate if there are any\n");
        -:  838:	    }
    #####:  839:	    if (supplyCount(estate, state) > 0){
    #####:  840:	      gainCard(estate, state, 0, currentPlayer);
    #####:  841:	      state->supplyCount[estate]--;//Decrement estates
    #####:  842:	      if (supplyCount(estate, state) == 0){
    #####:  843:		isGameOver(state);
        -:  844:	      }
        -:  845:	    }
    #####:  846:	    card_not_discarded = 0;//Exit the loop
        -:  847:	  }
        -:  848:			    
        -:  849:	  else{
    #####:  850:	    p++;//Next card
        -:  851:	  }
        -:  852:	}
        -:  853:      }
        -:  854:			    
        -:  855:      else{
    #####:  856:	if (supplyCount(estate, state) > 0){
    #####:  857:	  gainCard(estate, state, 0, currentPlayer);//Gain an estate
    #####:  858:	  state->supplyCount[estate]--;//Decrement Estates
    #####:  859:	  if (supplyCount(estate, state) == 0){
    #####:  860:	    isGameOver(state);
        -:  861:	  }
        -:  862:	}
        -:  863:      }
        -:  864:	    
        -:  865:      
    #####:  866:      return 0;
        -:  867:		
        -:  868:    case great_hall:
    #####:  869:	return great_hallCard(state, currentPlayer);
        -:  870:    case minion:
        -:  871:      //+1 action
    #####:  872:      state->numActions++;
        -:  873:			
        -:  874:      //discard card from hand
    #####:  875:      discardCard(handPos, currentPlayer, state, 0);
        -:  876:			
    #####:  877:      if (choice1)		//+2 coins
        -:  878:	{
    #####:  879:	  state->coins = state->coins + 2;
        -:  880:	}
        -:  881:			
    #####:  882:      else if (choice2)		//discard hand, redraw 4, other players with 5+ cards discard hand and draw 4
        -:  883:	{
        -:  884:	  //discard hand
    #####:  885:	  while(numHandCards(state) > 0)
        -:  886:	    {
    #####:  887:	      discardCard(handPos, currentPlayer, state, 0);
        -:  888:	    }
        -:  889:				
        -:  890:	  //draw 4
    #####:  891:	  for (i = 0; i < 4; i++)
        -:  892:	    {
    #####:  893:	      drawCard(currentPlayer, state);
        -:  894:	    }
        -:  895:				
        -:  896:	  //other players discard hand and redraw if hand size > 4
    #####:  897:	  for (i = 0; i < state->numPlayers; i++)
        -:  898:	    {
    #####:  899:	      if (i != currentPlayer)
        -:  900:		{
    #####:  901:		  if ( state->handCount[i] > 4 )
        -:  902:		    {
        -:  903:		      //discard hand
    #####:  904:		      while( state->handCount[i] > 0 )
        -:  905:			{
    #####:  906:			  discardCard(handPos, i, state, 0);
        -:  907:			}
        -:  908:							
        -:  909:		      //draw 4
    #####:  910:		      for (j = 0; j < 4; j++)
        -:  911:			{
    #####:  912:			  drawCard(i, state);
        -:  913:			}
        -:  914:		    }
        -:  915:		}
        -:  916:	    }
        -:  917:				
        -:  918:	}
    #####:  919:      return 0;
        -:  920:		
        -:  921:    case steward:
    #####:  922:      if (choice1 == 1)
        -:  923:	{
        -:  924:	  //+2 cards
    #####:  925:	  drawCard(currentPlayer, state);
    #####:  926:	  drawCard(currentPlayer, state);
        -:  927:	}
    #####:  928:      else if (choice1 == 2)
        -:  929:	{
        -:  930:	  //+2 coins
    #####:  931:	  state->coins = state->coins + 2;
        -:  932:	}
        -:  933:      else
        -:  934:	{
        -:  935:	  //trash 2 cards in hand
    #####:  936:	  discardCard(choice2, currentPlayer, state, 1);
    #####:  937:	  discardCard(choice3, currentPlayer, state, 1);
        -:  938:	}
        -:  939:			
        -:  940:      //discard card from hand
    #####:  941:      discardCard(handPos, currentPlayer, state, 0);
    #####:  942:      return 0;
        -:  943:		
        -:  944:    case tribute:
    #####:  945:      if ((state->discardCount[nextPlayer] + state->deckCount[nextPlayer]) <= 1){
    #####:  946:	if (state->deckCount[nextPlayer] > 0){
    #####:  947:	  tributeRevealedCards[0] = state->deck[nextPlayer][state->deckCount[nextPlayer]-1];
    #####:  948:	  state->deckCount[nextPlayer]--;
        -:  949:	}
    #####:  950:	else if (state->discardCount[nextPlayer] > 0){
    #####:  951:	  tributeRevealedCards[0] = state->discard[nextPlayer][state->discardCount[nextPlayer]-1];
    #####:  952:	  state->discardCount[nextPlayer]--;
        -:  953:	}
        -:  954:	else{
        -:  955:	  //No Card to Reveal
        -:  956:	  if (DEBUG){
        -:  957:	    printf("No cards to reveal\n");
        -:  958:	  }
        -:  959:	}
        -:  960:      }
        -:  961:	    
        -:  962:      else{
    #####:  963:	if (state->deckCount[nextPlayer] == 0){
    #####:  964:	  for (i = 0; i < state->discardCount[nextPlayer]; i++){
    #####:  965:	    state->deck[nextPlayer][i] = state->discard[nextPlayer][i];//Move to deck
    #####:  966:	    state->deckCount[nextPlayer]++;
    #####:  967:	    state->discard[nextPlayer][i] = -1;
    #####:  968:	    state->discardCount[nextPlayer]--;
        -:  969:	  }
        -:  970:			    
    #####:  971:	  shuffle(nextPlayer,state);//Shuffle the deck
        -:  972:	} 
    #####:  973:	tributeRevealedCards[0] = state->deck[nextPlayer][state->deckCount[nextPlayer]-1];
    #####:  974:	state->deck[nextPlayer][state->deckCount[nextPlayer]--] = -1;
    #####:  975:	state->deckCount[nextPlayer]--;
    #####:  976:	tributeRevealedCards[1] = state->deck[nextPlayer][state->deckCount[nextPlayer]-1];
    #####:  977:	state->deck[nextPlayer][state->deckCount[nextPlayer]--] = -1;
    #####:  978:	state->deckCount[nextPlayer]--;
        -:  979:      }    
        -:  980:		       
    #####:  981:      if (tributeRevealedCards[0] == tributeRevealedCards[1]){//If we have a duplicate card, just drop one 
    #####:  982:	state->playedCards[state->playedCardCount] = tributeRevealedCards[1];
    #####:  983:	state->playedCardCount++;
    #####:  984:	tributeRevealedCards[1] = -1;
        -:  985:      }
        -:  986:
    #####:  987:      for (i = 0; i <= 2; i ++){
    #####:  988:	if (tributeRevealedCards[i] == copper || tributeRevealedCards[i] == silver || tributeRevealedCards[i] == gold){//Treasure cards
    #####:  989:	  state->coins += 2;
        -:  990:	}
        -:  991:		    
    #####:  992:	else if (tributeRevealedCards[i] == estate || tributeRevealedCards[i] == duchy || tributeRevealedCards[i] == province || tributeRevealedCards[i] == gardens || tributeRevealedCards[i] == great_hall){//Victory Card Found
    #####:  993:	  drawCard(currentPlayer, state);
    #####:  994:	  drawCard(currentPlayer, state);
        -:  995:	}
        -:  996:	else{//Action Card
    #####:  997:	  state->numActions = state->numActions + 2;
        -:  998:	}
        -:  999:      }
        -: 1000:	    
    #####: 1001:      return 0;
        -: 1002:		
        -: 1003:    case ambassador:
    #####: 1004:      j = 0;		//used to check if player has enough cards to discard
        -: 1005:
    #####: 1006:      if (choice2 > 2 || choice2 < 0)
        -: 1007:	{
    #####: 1008:	  return -1;				
        -: 1009:	}
        -: 1010:
    #####: 1011:      if (choice1 == handPos)
        -: 1012:	{
    #####: 1013:	  return -1;
        -: 1014:	}
        -: 1015:
    #####: 1016:      for (i = 0; i < state->handCount[currentPlayer]; i++)
        -: 1017:	{
    #####: 1018:	  if (i != handPos && i == state->hand[currentPlayer][choice1] && i != choice1)
        -: 1019:	    {
    #####: 1020:	      j++;
        -: 1021:	    }
        -: 1022:	}
    #####: 1023:      if (j < choice2)
        -: 1024:	{
    #####: 1025:	  return -1;				
        -: 1026:	}
        -: 1027:
        -: 1028:      if (DEBUG) 
        -: 1029:	printf("Player %d reveals card number: %d\n", currentPlayer, state->hand[currentPlayer][choice1]);
        -: 1030:
        -: 1031:      //increase supply count for choosen card by amount being discarded
    #####: 1032:      state->supplyCount[state->hand[currentPlayer][choice1]] += choice2;
        -: 1033:			
        -: 1034:      //each other player gains a copy of revealed card
    #####: 1035:      for (i = 0; i < state->numPlayers; i++)
        -: 1036:	{
    #####: 1037:	  if (i != currentPlayer)
        -: 1038:	    {
    #####: 1039:	      gainCard(state->hand[currentPlayer][choice1], state, 0, i);
        -: 1040:	    }
        -: 1041:	}
        -: 1042:
        -: 1043:      //discard played card from hand
    #####: 1044:      discardCard(handPos, currentPlayer, state, 0);			
        -: 1045:
        -: 1046:      //trash copies of cards returned to supply
    #####: 1047:      for (j = 0; j < choice2; j++)
        -: 1048:	{
    #####: 1049:	  for (i = 0; i < state->handCount[currentPlayer]; i++)
        -: 1050:	    {
    #####: 1051:	      if (state->hand[currentPlayer][i] == state->hand[currentPlayer][choice1])
        -: 1052:		{
    #####: 1053:		  discardCard(i, currentPlayer, state, 1);
    #####: 1054:		  break;
        -: 1055:		}
        -: 1056:	    }
        -: 1057:	}			
        -: 1058:
    #####: 1059:      return 0;
        -: 1060:		
        -: 1061:    case cutpurse:
        -: 1062:
    #####: 1063:      updateCoins(currentPlayer, state, 2);
    #####: 1064:      for (i = 0; i < state->numPlayers; i++)
        -: 1065:	{
    #####: 1066:	  if (i != currentPlayer)
        -: 1067:	    {
    #####: 1068:	      for (j = 0; j < state->handCount[i]; j++)
        -: 1069:		{
    #####: 1070:		  if (state->hand[i][j] == copper)
        -: 1071:		    {
    #####: 1072:		      discardCard(j, i, state, 0);
    #####: 1073:		      break;
        -: 1074:		    }
    #####: 1075:		  if (j == state->handCount[i])
        -: 1076:		    {
    #####: 1077:		      for (k = 0; k < state->handCount[i]; k++)
        -: 1078:			{
        -: 1079:			  if (DEBUG)
        -: 1080:			    printf("Player %d reveals card number %d\n", i, state->hand[i][k]);
        -: 1081:			}	
    #####: 1082:		      break;
        -: 1083:		    }		
        -: 1084:		}
        -: 1085:					
        -: 1086:	    }
        -: 1087:				
        -: 1088:	}				
        -: 1089:
        -: 1090:      //discard played card from hand
    #####: 1091:      discardCard(handPos, currentPlayer, state, 0);			
        -: 1092:
    #####: 1093:      return 0;
        -: 1094:
        -: 1095:		
        -: 1096:    case embargo: 
        -: 1097:      //+2 Coins
    #####: 1098:      state->coins = state->coins + 2;
        -: 1099:			
        -: 1100:      //see if selected pile is in play
    #####: 1101:      if ( state->supplyCount[choice1] == -1 )
        -: 1102:	{
    #####: 1103:	  return -1;
        -: 1104:	}
        -: 1105:			
        -: 1106:      //add embargo token to selected supply pile
    #####: 1107:      state->embargoTokens[choice1]++;
        -: 1108:			
        -: 1109:      //trash card
    #####: 1110:      discardCard(handPos, currentPlayer, state, 1);		
    #####: 1111:      return 0;
        -: 1112:		
        -: 1113:    case outpost:
        -: 1114:      //set outpost flag
    #####: 1115:      state->outpostPlayed++;
        -: 1116:			
        -: 1117:      //discard card
    #####: 1118:      discardCard(handPos, currentPlayer, state, 0);
    #####: 1119:      return 0;
        -: 1120:		
        -: 1121:    case salvager:
        -: 1122:      //+1 buy
        2: 1123:      state->numBuys++;
        -: 1124:			
        2: 1125:      if (choice1)
        -: 1126:	{
        -: 1127:	  //gain coins equal to trashed card
        2: 1128:	  state->coins = state->coins + getCost( handCard(choice1, state) );
        -: 1129:	  //trash card
        2: 1130:	  discardCard(choice1, currentPlayer, state, 1);	
        -: 1131:	}
        -: 1132:			
        -: 1133:      //discard card
        2: 1134:      discardCard(handPos, currentPlayer, state, 0);
        2: 1135:      return 0;
        -: 1136:		
        -: 1137:    case sea_hag:
        8: 1138:      for (i = 0; i < state->numPlayers; i++){
        6: 1139:	if (i != currentPlayer){
        4: 1140:	  state->discard[i][state->discardCount[i]] = state->deck[i][state->deckCount[i]--];			    state->deckCount[i]--;
        4: 1141:	  state->discardCount[i]++;
        4: 1142:	  state->deck[i][state->deckCount[i]--] = curse;//Top card now a curse
        -: 1143:	}
        -: 1144:      }
        2: 1145:      return 0;
        -: 1146:		
        -: 1147:    case treasure_map:
        -: 1148:      //search hand for another treasure_map
    #####: 1149:      index = -1;
    #####: 1150:      for (i = 0; i < state->handCount[currentPlayer]; i++)
        -: 1151:	{
    #####: 1152:	  if (state->hand[currentPlayer][i] == treasure_map && i != handPos)
        -: 1153:	    {
    #####: 1154:	      index = i;
    #####: 1155:	      break;
        -: 1156:	    }
        -: 1157:	}
    #####: 1158:      if (index > -1)
        -: 1159:	{
        -: 1160:	  //trash both treasure cards
    #####: 1161:	  discardCard(handPos, currentPlayer, state, 1);
    #####: 1162:	  discardCard(index, currentPlayer, state, 1);
        -: 1163:
        -: 1164:	  //gain 4 Gold cards
    #####: 1165:	  for (i = 0; i < 4; i++)
        -: 1166:	    {
    #####: 1167:	      gainCard(gold, state, 1, currentPlayer);
        -: 1168:	    }
        -: 1169:				
        -: 1170:	  //return success
    #####: 1171:	  return 1;
        -: 1172:	}
        -: 1173:			
        -: 1174:      //no second treasure_map found in hand
    #####: 1175:      return -1;
        -: 1176:    }
        -: 1177:	
    #####: 1178:  return -1;
        -: 1179:}
        -: 1180:
        8: 1181:int discardCard(int handPos, int currentPlayer, struct gameState *state, int trashFlag)
        -: 1182:{
        -: 1183:	
        -: 1184:  //if card is not trashed, added to Played pile 
        8: 1185:  if (trashFlag < 1)
        -: 1186:    {
        -: 1187:      //add card to played pile
        6: 1188:      state->playedCards[state->playedCardCount] = state->hand[currentPlayer][handPos]; 
        6: 1189:      state->playedCardCount++;
        -: 1190:    }
        -: 1191:	
        -: 1192:  //set played card to -1
        8: 1193:  state->hand[currentPlayer][handPos] = -1;
        -: 1194:	
        -: 1195:  //remove card from player's hand
        8: 1196:  if ( handPos == (state->handCount[currentPlayer] - 1) ) 	//last card in hand array is played
        -: 1197:    {
        -: 1198:      //reduce number of cards in hand
    #####: 1199:      state->handCount[currentPlayer]--;
        -: 1200:    }
        8: 1201:  else if ( state->handCount[currentPlayer] == 1 ) //only one card in hand
        -: 1202:    {
        -: 1203:      //reduce number of cards in hand
    #####: 1204:      state->handCount[currentPlayer]--;
        -: 1205:    }
        -: 1206:  else 	
        -: 1207:    {
        -: 1208:      //replace discarded card with last card in hand
        8: 1209:      state->hand[currentPlayer][handPos] = state->hand[currentPlayer][ (state->handCount[currentPlayer] - 1)];
        -: 1210:      //set last card to -1
        8: 1211:      state->hand[currentPlayer][state->handCount[currentPlayer] - 1] = -1;
        -: 1212:      //reduce number of cards in hand
        8: 1213:      state->handCount[currentPlayer]--;
        -: 1214:    }
        -: 1215:	
        8: 1216:  return 0;
        -: 1217:}
        -: 1218:
        2: 1219:int gainCard(int supplyPos, struct gameState *state, int toFlag, int player)
        -: 1220:{
        -: 1221:  //Note: supplyPos is enum of choosen card
        -: 1222:	
        -: 1223:  //check if supply pile is empty (0) or card is not used in game (-1)
        2: 1224:  if ( supplyCount(supplyPos, state) < 1 )
        -: 1225:    {
    #####: 1226:      return -1;
        -: 1227:    }
        -: 1228:	
        -: 1229:  //added card for [whoseTurn] current player:
        -: 1230:  // toFlag = 0 : add to discard
        -: 1231:  // toFlag = 1 : add to deck
        -: 1232:  // toFlag = 2 : add to hand
        -: 1233:
        2: 1234:  if (toFlag == 1)
        -: 1235:    {
    #####: 1236:      state->deck[ player ][ state->deckCount[player] ] = supplyPos;
    #####: 1237:      state->deckCount[player]++;
        -: 1238:    }
        2: 1239:  else if (toFlag == 2)
        -: 1240:    {
    #####: 1241:      state->hand[ player ][ state->handCount[player] ] = supplyPos;
    #####: 1242:      state->handCount[player]++;
        -: 1243:    }
        -: 1244:  else
        -: 1245:    {
        2: 1246:      state->discard[player][ state->discardCount[player] ] = supplyPos;
        2: 1247:      state->discardCount[player]++;
        -: 1248:    }
        -: 1249:	
        -: 1250:  //decrease number in supply pile
        2: 1251:  state->supplyCount[supplyPos]--;
        -: 1252:	 
        2: 1253:  return 0;
        -: 1254:}
        -: 1255:
       16: 1256:int updateCoins(int player, struct gameState *state, int bonus)
        -: 1257:{
        -: 1258:  int i;
        -: 1259:	
        -: 1260:  //reset coin count
       16: 1261:  state->coins = 0;
        -: 1262:
        -: 1263:  //add coins for each Treasure card in player's hand
       96: 1264:  for (i = 0; i < state->handCount[player]; i++)
        -: 1265:    {
       80: 1266:      if (state->hand[player][i] == copper)
        -: 1267:	{
       56: 1268:	  state->coins += 1;
        -: 1269:	}
       24: 1270:      else if (state->hand[player][i] == silver)
        -: 1271:	{
    #####: 1272:	  state->coins += 2;
        -: 1273:	}
       24: 1274:      else if (state->hand[player][i] == gold)
        -: 1275:	{
    #####: 1276:	  state->coins += 3;
        -: 1277:	}	
        -: 1278:    }	
        -: 1279:
        -: 1280:  //add bonus
       16: 1281:  state->coins += bonus;
        -: 1282:
       16: 1283:  return 0;
        -: 1284:}
        -: 1285:
        -: 1286://functions for assignment 1
        2: 1287:int SmithyCard(struct gameState *state, int currentPlayer, int handPos){
        -: 1288:      //+3 Cards
        8: 1289:      for (int i = 0; i < 3; i++)
        -: 1290:	{
        6: 1291:	  drawCard(currentPlayer, state);
        -: 1292:	}
        -: 1293:			
        -: 1294:      //discard card from hand
        2: 1295:      discardCard(handPos, currentPlayer, state, 0);
        2: 1296:      return 0;
        -: 1297:
        -: 1298:}
        -: 1299:
        2: 1300:int VillageCard(struct gameState *state, int currentPlayer, int handPos){
        -: 1301:      //+1 Card
        2: 1302:      drawCard(currentPlayer, state);
        -: 1303:			
        -: 1304:      //+2 Actions
        2: 1305:      state->numActions = state->numActions + 2;
        -: 1306:			
        -: 1307:      //discard played card from hand
        2: 1308:      discardCard(handPos, currentPlayer, state, 0);
        2: 1309:      return 0;
        -: 1310:
        -: 1311:}
    #####: 1312:int GardensCard(){
    #####: 1313:	return -1;
        -: 1314:}
        -: 1315:
    #####: 1316:int council_roomCard(struct gameState *state, int currentPlayer, int handPos){
        -: 1317:	      //+4 Cards
    #####: 1318:      for (int i = 0; i < 4; i++)
        -: 1319:	{
    #####: 1320:	  drawCard(currentPlayer, state);
        -: 1321:	}
        -: 1322:			
        -: 1323:      //+1 Buy
    #####: 1324:      state->numBuys++;
        -: 1325:			
        -: 1326:      //Each other player draws a card
    #####: 1327:      for (int i = 0; i < state->numPlayers; i++)
        -: 1328:	{
    #####: 1329:	  if ( i != currentPlayer )
        -: 1330:	    {
    #####: 1331:	      drawCard(i, state);
        -: 1332:	    }
        -: 1333:	}
        -: 1334:			
        -: 1335:      //put played card in played card pile
    #####: 1336:      discardCard(handPos, currentPlayer, state, 0);
        -: 1337:			
    #####: 1338:      return 0;
        -: 1339:}
        -: 1340:
    #####: 1341:int great_hallCard(struct gameState *state, int currentPlayer){
        -: 1342:	      //+1 Card
    #####: 1343:      drawCard(currentPlayer, state);
        -: 1344:			
        -: 1345:      //+1 Actions
    #####: 1346:      state->numActions++;
        -: 1347:			
    #####: 1348:      return 0;
        -: 1349:}
        -: 1350:
        -: 1351://end of dominion.c
        -: 1352:
