        -:    0:Source:unittest4.c
        -:    0:Graph:unittest4.gcno
        -:    0:Data:unittest4.gcda
        -:    0:Runs:1
        -:    0:Programs:1
        -:    1:#include <stdio.h>
        -:    2:#include <stdlib.h>
        -:    3:#include <assert.h>
        -:    4:#include "dominion.h"
        -:    5:#include "dominion_helpers.h"
        -:    6:#include "rngs.h"
        -:    7:
        -:    8:
        -:    9:#define DEBUG 0
        -:   10:#define NOISY_TEST 1
        -:   11:
function main called 1 returned 100% blocks executed 83%
        1:   12:int main(){
        1:   13:	int FailCheck = 0;
        -:   14:	struct gameState Game;
        1:   15:	int testCard = 7;
        -:   16:
        1:   17:	Game.supplyCount[testCard] =12;
        -:   18:
        1:   19:	if(supplyCount(testCard, &Game) != 12){
call    0 returned 100%
branch  1 taken 0% (fallthrough)
branch  2 taken 100%
    #####:   20:		printf("Error in supplyCount function\n");
call    0 never executed
        -:   21:	}
        1:   22:	if(FailCheck == 0){
branch  0 taken 100% (fallthrough)
branch  1 taken 0%
        1:   23:		printf("No errors found in supplyCount function\n");
call    0 returned 100%
        -:   24:	}
        -:   25:
        1:   26:	return 0;
        -:   27:}